TN:
SF:src\modules\appointments\services\CreateAppointmentService.ts
FN:41,__decorate
FN:41,__metadata
FN:41,__param
FN:41,__awaiter
FN:41,adopt
FN:41,fulfilled
FN:41,rejected
FN:41,step
FN:41,__generator
FN:41,sent
FN:41,g.<computed>
FN:41,verb
FN:41,step
FN:41,__importDefault
FN:16,CreateAppointmentService
FN:21,CreateAppointmentService.execute
FNF:16
FNH:14
FNDA:1,__decorate
FNDA:1,__metadata
FNDA:1,__param
FNDA:3,__awaiter
FNDA:5,adopt
FNDA:5,fulfilled
FNDA:0,rejected
FNDA:7,step
FNDA:3,__generator
FNDA:5,sent
FNDA:0,g.<computed>
FNDA:9,verb
FNDA:8,step
FNDA:1,__importDefault
FNDA:2,CreateAppointmentService
FNDA:3,CreateAppointmentService.execute
DA:1,1
DA:2,1
DA:3,1
DA:4,1
DA:5,1
DA:6,1
DA:7,1
DA:8,1
DA:9,1
DA:10,1
DA:11,1
DA:12,1
DA:13,1
DA:14,1
DA:15,1
DA:16,1
DA:17,2
DA:18,2
DA:19,2
DA:20,1
DA:21,1
DA:22,3
DA:23,3
DA:24,3
DA:25,3
DA:26,3
DA:27,3
DA:28,3
DA:29,1
DA:30,1
DA:31,2
DA:32,2
DA:33,2
DA:34,2
DA:35,2
DA:36,3
DA:37,3
DA:38,3
DA:39,1
DA:40,1
DA:41,1
LF:41
LH:41
BRDA:41,0,0,1
BRDA:41,1,0,1
BRDA:41,2,0,0
BRDA:41,3,0,0
BRDA:41,4,0,0
BRDA:41,5,0,0
BRDA:41,6,0,1
BRDA:41,7,0,1
BRDA:41,8,0,1
BRDA:41,9,0,3
BRDA:41,10,0,5
BRDA:41,11,0,0
BRDA:41,12,0,3
BRDA:41,13,0,5
BRDA:41,14,0,1
BRDA:41,15,0,7
BRDA:41,16,0,2
BRDA:41,17,0,5
BRDA:41,18,0,3
BRDA:41,19,0,5
BRDA:41,20,0,0
BRDA:41,21,0,9
BRDA:41,22,0,8
BRDA:41,23,0,8
BRDA:41,24,0,0
BRDA:41,25,0,16
BRDA:41,26,0,0
BRDA:41,27,0,0
BRDA:41,28,0,0
BRDA:41,29,0,0
BRDA:41,30,0,8
BRDA:41,31,0,8
BRDA:41,32,0,5
BRDA:41,33,0,0
BRDA:41,34,0,0
BRDA:41,35,0,3
BRDA:41,36,0,0
BRDA:41,37,0,2
BRDA:41,38,0,0
BRDA:41,39,0,0
BRDA:41,40,0,0
BRDA:41,41,0,0
BRDA:41,42,0,8
BRDA:41,43,0,1
BRDA:41,44,0,8
BRDA:41,45,0,3
BRDA:41,46,0,1
BRDA:41,47,0,2
BRDA:41,48,0,0
BRDA:41,49,0,1
BRDA:41,50,0,0
BRDA:15,51,0,1
BRDA:16,52,0,2
BRDA:21,53,0,3
BRDA:41,54,0,3
BRDA:41,55,0,8
BRDA:41,56,0,3
BRDA:41,57,0,3
BRDA:28,58,0,1
BRDA:30,59,0,2
BRDA:41,60,0,2
BRF:61
BRH:41
end_of_record
TN:
SF:src\modules\users\services\AuthenticateUserService.ts
FN:58,__decorate
FN:58,__metadata
FN:58,__param
FN:58,__awaiter
FN:58,adopt
FN:58,fulfilled
FN:58,rejected
FN:58,step
FN:58,__generator
FN:58,sent
FN:58,g.<computed>
FN:58,verb
FN:58,step
FN:58,__importDefault
FN:23,AuthenticateUserService
FN:31,AuthenticateUserService.execute
FNF:16
FNH:14
FNDA:1,__decorate
FNDA:1,__metadata
FNDA:2,__param
FNDA:3,__awaiter
FNDA:5,adopt
FNDA:5,fulfilled
FNDA:0,rejected
FNDA:6,step
FNDA:3,__generator
FNDA:5,sent
FNDA:0,g.<computed>
FNDA:9,verb
FNDA:8,step
FNDA:2,__importDefault
FNDA:3,AuthenticateUserService
FNDA:3,AuthenticateUserService.execute
DA:1,1
DA:2,1
DA:3,1
DA:4,1
DA:5,1
DA:6,1
DA:7,1
DA:8,1
DA:9,1
DA:10,1
DA:11,1
DA:12,1
DA:13,1
DA:14,1
DA:15,1
DA:16,1
DA:17,1
DA:18,1
DA:19,1
DA:20,1
DA:21,1
DA:22,1
DA:23,1
DA:24,3
DA:25,3
DA:26,3
DA:27,3
DA:28,3
DA:29,3
DA:30,1
DA:31,1
DA:32,3
DA:33,3
DA:34,3
DA:35,1
DA:36,1
DA:37,2
DA:38,2
DA:39,2
DA:40,2
DA:41,2
DA:42,3
DA:43,3
DA:44,1
DA:45,1
DA:46,1
DA:47,1
DA:48,1
DA:49,1
DA:50,1
DA:51,1
DA:52,1
DA:53,1
DA:54,1
DA:55,3
DA:56,1
DA:57,1
DA:58,1
LF:58
LH:58
BRDA:58,0,0,1
BRDA:58,1,0,1
BRDA:58,2,0,0
BRDA:58,3,0,0
BRDA:58,4,0,0
BRDA:58,5,0,0
BRDA:58,6,0,1
BRDA:58,7,0,2
BRDA:58,8,0,2
BRDA:58,9,0,3
BRDA:58,10,0,5
BRDA:58,11,0,0
BRDA:58,12,0,3
BRDA:58,13,0,5
BRDA:58,14,0,2
BRDA:58,15,0,6
BRDA:58,16,0,1
BRDA:58,17,0,5
BRDA:58,18,0,3
BRDA:58,19,0,5
BRDA:58,20,0,0
BRDA:58,21,0,9
BRDA:58,22,0,8
BRDA:58,23,0,8
BRDA:58,24,0,0
BRDA:58,25,0,16
BRDA:58,26,0,0
BRDA:58,27,0,0
BRDA:58,28,0,0
BRDA:58,29,0,0
BRDA:58,30,0,8
BRDA:58,31,0,8
BRDA:58,32,0,5
BRDA:58,33,0,0
BRDA:58,34,0,0
BRDA:58,35,0,3
BRDA:58,36,0,0
BRDA:58,37,0,1
BRDA:58,38,0,0
BRDA:58,39,0,0
BRDA:58,40,0,0
BRDA:58,41,0,0
BRDA:58,42,0,8
BRDA:58,43,0,2
BRDA:58,44,0,8
BRDA:58,45,0,3
BRDA:58,46,0,2
BRDA:58,47,0,1
BRDA:58,48,0,0
BRDA:58,49,0,2
BRDA:58,50,0,0
BRDA:22,51,0,1
BRDA:23,52,0,3
BRDA:31,53,0,3
BRDA:58,54,0,3
BRDA:58,55,0,8
BRDA:32,56,0,3
BRDA:58,57,0,3
BRDA:34,58,0,1
BRDA:36,59,0,2
BRDA:58,60,0,2
BRDA:43,61,0,1
BRF:62
BRH:42
end_of_record
TN:
SF:src\modules\users\services\CreateUserService.ts
FN:43,__decorate
FN:43,__metadata
FN:43,__param
FN:43,__awaiter
FN:43,adopt
FN:43,fulfilled
FN:43,rejected
FN:43,step
FN:43,__generator
FN:43,sent
FN:43,g.<computed>
FN:43,verb
FN:43,step
FN:43,__importDefault
FN:17,CreateUserService
FN:24,CreateUserService.execute
FNF:16
FNH:14
FNDA:2,__decorate
FNDA:2,__metadata
FNDA:4,__param
FNDA:5,__awaiter
FNDA:13,adopt
FNDA:13,fulfilled
FNDA:0,rejected
FNDA:17,step
FNDA:5,__generator
FNDA:13,sent
FNDA:0,g.<computed>
FNDA:15,verb
FNDA:18,step
FNDA:2,__importDefault
FNDA:5,CreateUserService
FNDA:5,CreateUserService.execute
DA:1,1
DA:2,1
DA:3,1
DA:4,1
DA:5,1
DA:6,1
DA:7,1
DA:8,1
DA:9,1
DA:10,1
DA:11,1
DA:12,1
DA:13,1
DA:14,1
DA:15,1
DA:16,2
DA:17,2
DA:18,5
DA:19,5
DA:20,5
DA:21,5
DA:22,5
DA:23,2
DA:24,2
DA:25,5
DA:26,5
DA:27,5
DA:28,1
DA:29,1
DA:30,4
DA:31,4
DA:32,5
DA:33,5
DA:34,5
DA:35,5
DA:36,5
DA:37,5
DA:38,5
DA:39,5
DA:40,5
DA:41,2
DA:42,1
DA:43,1
LF:43
LH:43
BRDA:43,0,0,2
BRDA:43,1,0,2
BRDA:43,2,0,0
BRDA:43,3,0,0
BRDA:43,4,0,0
BRDA:43,5,0,0
BRDA:43,6,0,2
BRDA:43,7,0,4
BRDA:43,8,0,4
BRDA:43,9,0,5
BRDA:43,10,0,13
BRDA:43,11,0,0
BRDA:43,12,0,5
BRDA:43,13,0,13
BRDA:43,14,0,1
BRDA:43,15,0,17
BRDA:43,16,0,4
BRDA:43,17,0,13
BRDA:43,18,0,5
BRDA:43,19,0,13
BRDA:43,20,0,0
BRDA:43,21,0,15
BRDA:43,22,0,18
BRDA:43,23,0,18
BRDA:43,24,0,0
BRDA:43,25,0,36
BRDA:43,26,0,0
BRDA:43,27,0,0
BRDA:43,28,0,0
BRDA:43,29,0,0
BRDA:43,30,0,18
BRDA:43,31,0,18
BRDA:43,32,0,13
BRDA:43,33,0,0
BRDA:43,34,0,0
BRDA:43,35,0,5
BRDA:43,36,0,0
BRDA:43,37,0,4
BRDA:43,38,0,0
BRDA:43,39,0,0
BRDA:43,40,0,0
BRDA:43,41,0,0
BRDA:43,42,0,18
BRDA:43,43,0,1
BRDA:43,44,0,18
BRDA:43,45,0,5
BRDA:43,46,0,1
BRDA:43,47,0,4
BRDA:43,48,0,0
BRDA:43,49,0,2
BRDA:43,50,0,0
BRDA:16,51,0,2
BRDA:17,52,0,5
BRDA:24,53,0,5
BRDA:43,54,0,5
BRDA:43,55,0,18
BRDA:25,56,0,5
BRDA:43,57,0,5
BRDA:27,58,0,1
BRDA:29,59,0,4
BRDA:43,60,0,4
BRDA:43,61,0,4
BRF:62
BRH:42
end_of_record
TN:
SF:src\modules\users\services\ResetPasswordService.ts
FN:53,__decorate
FN:53,__metadata
FN:53,__param
FN:53,__awaiter
FN:53,adopt
FN:53,fulfilled
FN:53,rejected
FN:53,step
FN:53,__generator
FN:53,sent
FN:53,g.<computed>
FN:53,verb
FN:53,step
FN:53,__importDefault
FN:16,ResetPasswordService
FN:27,ResetPasswordService.execute
FNF:16
FNH:14
FNDA:1,__decorate
FNDA:1,__metadata
FNDA:3,__param
FNDA:5,__awaiter
FNDA:13,adopt
FNDA:13,fulfilled
FNDA:0,rejected
FNDA:15,step
FNDA:5,__generator
FNDA:13,sent
FNDA:0,g.<computed>
FNDA:15,verb
FNDA:18,step
FNDA:1,__importDefault
FNDA:4,ResetPasswordService
FNDA:5,ResetPasswordService.execute
DA:1,1
DA:2,1
DA:3,1
DA:4,1
DA:5,1
DA:6,1
DA:7,1
DA:8,1
DA:9,1
DA:10,1
DA:11,1
DA:12,1
DA:13,1
DA:14,1
DA:15,1
DA:16,1
DA:17,4
DA:18,4
DA:19,4
DA:20,4
DA:21,4
DA:22,4
DA:23,4
DA:24,4
DA:25,4
DA:26,1
DA:27,1
DA:28,5
DA:29,5
DA:30,5
DA:31,1
DA:32,1
DA:33,4
DA:34,4
DA:35,5
DA:36,5
DA:37,1
DA:38,1
DA:39,3
DA:40,3
DA:41,3
DA:42,3
DA:43,5
DA:44,1
DA:45,1
DA:46,2
DA:47,2
DA:48,5
DA:49,5
DA:50,5
DA:51,1
DA:52,1
DA:53,1
LF:53
LH:53
BRDA:53,0,0,1
BRDA:53,1,0,1
BRDA:53,2,0,0
BRDA:53,3,0,0
BRDA:53,4,0,0
BRDA:53,5,0,0
BRDA:53,6,0,1
BRDA:53,7,0,3
BRDA:53,8,0,3
BRDA:53,9,0,5
BRDA:53,10,0,13
BRDA:53,11,0,0
BRDA:53,12,0,5
BRDA:53,13,0,13
BRDA:53,14,0,3
BRDA:53,15,0,15
BRDA:53,16,0,2
BRDA:53,17,0,13
BRDA:53,18,0,5
BRDA:53,19,0,13
BRDA:53,20,0,0
BRDA:53,21,0,15
BRDA:53,22,0,18
BRDA:53,23,0,18
BRDA:53,24,0,0
BRDA:53,25,0,36
BRDA:53,26,0,0
BRDA:53,27,0,0
BRDA:53,28,0,0
BRDA:53,29,0,0
BRDA:53,30,0,18
BRDA:53,31,0,18
BRDA:53,32,0,13
BRDA:53,33,0,0
BRDA:53,34,0,0
BRDA:53,35,0,5
BRDA:53,36,0,0
BRDA:53,37,0,2
BRDA:53,38,0,0
BRDA:53,39,0,0
BRDA:53,40,0,0
BRDA:53,41,0,0
BRDA:53,42,0,18
BRDA:53,43,0,3
BRDA:53,44,0,18
BRDA:53,45,0,5
BRDA:53,46,0,3
BRDA:53,47,0,2
BRDA:53,48,0,0
BRDA:53,49,0,1
BRDA:53,50,0,0
BRDA:15,51,0,1
BRDA:16,52,0,4
BRDA:27,53,0,5
BRDA:53,54,0,5
BRDA:53,55,0,18
BRDA:28,56,0,5
BRDA:53,57,0,5
BRDA:30,58,0,1
BRDA:32,59,0,4
BRDA:53,60,0,4
BRDA:36,61,0,1
BRDA:38,62,0,3
BRDA:43,63,0,1
BRDA:45,64,0,2
BRDA:53,65,0,2
BRDA:53,66,0,2
BRF:67
BRH:47
end_of_record
TN:
SF:src\modules\users\services\SendForgotPasswordEmailService.ts
FN:63,__decorate
FN:63,__metadata
FN:63,__param
FN:63,__awaiter
FN:63,adopt
FN:63,fulfilled
FN:63,rejected
FN:63,step
FN:63,__generator
FN:63,sent
FN:63,g.<computed>
FN:63,verb
FN:63,step
FN:63,__importDefault
FN:15,SendForgotPasswordEmailService
FN:26,SendForgotPasswordEmailService.execute
FNF:16
FNH:14
FNDA:1,__decorate
FNDA:1,__metadata
FNDA:3,__param
FNDA:3,__awaiter
FNDA:3,adopt
FNDA:3,fulfilled
FNDA:0,rejected
FNDA:3,step
FNDA:3,__generator
FNDA:3,sent
FNDA:0,g.<computed>
FNDA:9,verb
FNDA:6,step
FNDA:2,__importDefault
FNDA:3,SendForgotPasswordEmailService
FNDA:3,SendForgotPasswordEmailService.execute
DA:1,1
DA:2,1
DA:3,1
DA:4,1
DA:5,1
DA:6,1
DA:7,1
DA:8,1
DA:9,1
DA:10,1
DA:11,1
DA:12,1
DA:13,1
DA:14,1
DA:15,1
DA:16,3
DA:17,3
DA:18,3
DA:19,3
DA:20,3
DA:21,3
DA:22,3
DA:23,3
DA:24,3
DA:25,1
DA:26,1
DA:27,3
DA:28,3
DA:29,3
DA:30,3
DA:31,3
DA:32,3
DA:33,3
DA:34,3
DA:35,3
DA:36,0
DA:37,0
DA:38,3
DA:39,3
DA:40,3
DA:41,3
DA:42,3
DA:43,3
DA:44,3
DA:45,3
DA:46,3
DA:47,3
DA:48,3
DA:49,3
DA:50,3
DA:51,3
DA:52,3
DA:53,3
DA:54,3
DA:55,3
DA:56,3
DA:57,3
DA:58,3
DA:59,3
DA:60,3
DA:61,1
DA:62,1
DA:63,1
LF:63
LH:61
BRDA:63,0,0,1
BRDA:63,1,0,1
BRDA:63,2,0,0
BRDA:63,3,0,0
BRDA:63,4,0,0
BRDA:63,5,0,0
BRDA:63,6,0,1
BRDA:63,7,0,3
BRDA:63,8,0,3
BRDA:63,9,0,3
BRDA:63,10,0,3
BRDA:63,11,0,0
BRDA:63,12,0,3
BRDA:63,13,0,3
BRDA:63,14,0,3
BRDA:63,15,0,0
BRDA:63,16,0,3
BRDA:63,17,0,3
BRDA:63,18,0,0
BRDA:63,19,0,9
BRDA:63,20,0,6
BRDA:63,21,0,6
BRDA:63,22,0,0
BRDA:63,23,0,12
BRDA:63,24,0,0
BRDA:63,25,0,0
BRDA:63,26,0,0
BRDA:63,27,0,0
BRDA:63,28,0,6
BRDA:63,29,0,6
BRDA:63,30,0,3
BRDA:63,31,0,0
BRDA:63,32,0,0
BRDA:63,33,0,3
BRDA:63,34,0,0
BRDA:63,35,0,0
BRDA:63,36,0,0
BRDA:63,37,0,0
BRDA:63,38,0,0
BRDA:63,39,0,0
BRDA:63,40,0,6
BRDA:63,41,0,3
BRDA:63,42,0,6
BRDA:63,43,0,3
BRDA:63,44,0,0
BRDA:63,45,0,0
BRDA:63,46,0,2
BRDA:63,47,0,1
BRDA:63,48,0,1
BRDA:14,49,0,1
BRDA:15,50,0,3
BRDA:26,51,0,3
BRDA:63,52,0,3
BRDA:63,53,0,6
BRDA:27,54,0,3
BRDA:63,55,0,3
BRDA:35,56,0,0
BRDA:63,57,0,0
BRDA:63,58,0,0
BRF:59
BRH:34
end_of_record
TN:
SF:src\modules\users\services\ShowProfileService.ts
FN:29,__decorate
FN:29,__metadata
FN:29,__param
FN:29,__awaiter
FN:29,adopt
FN:29,fulfilled
FN:29,rejected
FN:29,step
FN:29,__generator
FN:29,sent
FN:29,g.<computed>
FN:29,verb
FN:29,step
FN:29,__importDefault
FN:13,ShowProfileService
FN:18,ShowProfileService.execute
FNF:16
FNH:14
FNDA:1,__decorate
FNDA:1,__metadata
FNDA:1,__param
FNDA:2,__awaiter
FNDA:2,adopt
FNDA:2,fulfilled
FNDA:0,rejected
FNDA:3,step
FNDA:2,__generator
FNDA:2,sent
FNDA:0,g.<computed>
FNDA:6,verb
FNDA:4,step
FNDA:1,__importDefault
FNDA:2,ShowProfileService
FNDA:2,ShowProfileService.execute
DA:1,1
DA:2,1
DA:3,1
DA:4,1
DA:5,1
DA:6,1
DA:7,1
DA:8,1
DA:9,1
DA:10,1
DA:11,1
DA:12,1
DA:13,1
DA:14,2
DA:15,2
DA:16,2
DA:17,1
DA:18,1
DA:19,2
DA:20,2
DA:21,2
DA:22,1
DA:23,1
DA:24,1
DA:25,1
DA:26,2
DA:27,1
DA:28,1
DA:29,1
LF:29
LH:29
BRDA:29,0,0,1
BRDA:29,1,0,1
BRDA:29,2,0,0
BRDA:29,3,0,0
BRDA:29,4,0,0
BRDA:29,5,0,0
BRDA:29,6,0,1
BRDA:29,7,0,1
BRDA:29,8,0,1
BRDA:29,9,0,2
BRDA:29,10,0,2
BRDA:29,11,0,0
BRDA:29,12,0,2
BRDA:29,13,0,2
BRDA:29,14,0,1
BRDA:29,15,0,3
BRDA:29,16,0,1
BRDA:29,17,0,2
BRDA:29,18,0,2
BRDA:29,19,0,2
BRDA:29,20,0,0
BRDA:29,21,0,6
BRDA:29,22,0,4
BRDA:29,23,0,4
BRDA:29,24,0,0
BRDA:29,25,0,8
BRDA:29,26,0,0
BRDA:29,27,0,0
BRDA:29,28,0,0
BRDA:29,29,0,0
BRDA:29,30,0,4
BRDA:29,31,0,4
BRDA:29,32,0,2
BRDA:29,33,0,0
BRDA:29,34,0,0
BRDA:29,35,0,2
BRDA:29,36,0,0
BRDA:29,37,0,1
BRDA:29,38,0,0
BRDA:29,39,0,0
BRDA:29,40,0,0
BRDA:29,41,0,0
BRDA:29,42,0,4
BRDA:29,43,0,1
BRDA:29,44,0,4
BRDA:29,45,0,2
BRDA:29,46,0,1
BRDA:29,47,0,0
BRDA:29,48,0,1
BRDA:29,49,0,0
BRDA:12,50,0,1
BRDA:13,51,0,2
BRDA:18,52,0,2
BRDA:29,53,0,2
BRDA:29,54,0,4
BRDA:19,55,0,2
BRDA:29,56,0,2
BRDA:21,57,0,1
BRF:58
BRH:38
end_of_record
TN:
SF:src\modules\users\services\UpdateProfileService.ts
FN:72,__decorate
FN:72,__metadata
FN:72,__param
FN:72,__awaiter
FN:72,adopt
FN:72,fulfilled
FN:72,rejected
FN:72,step
FN:72,__generator
FN:72,sent
FN:72,g.<computed>
FN:72,verb
FN:72,step
FN:72,__importDefault
FN:18,UpdateProfileService
FN:25,UpdateProfileService.execute
FNF:16
FNH:14
FNDA:1,__decorate
FNDA:1,__metadata
FNDA:2,__param
FNDA:6,__awaiter
FNDA:14,adopt
FNDA:14,fulfilled
FNDA:0,rejected
FNDA:16,step
FNDA:6,__generator
FNDA:14,sent
FNDA:0,g.<computed>
FNDA:18,verb
FNDA:20,step
FNDA:1,__importDefault
FNDA:6,UpdateProfileService
FNDA:6,UpdateProfileService.execute
DA:1,1
DA:2,1
DA:3,1
DA:4,1
DA:5,1
DA:6,1
DA:7,1
DA:8,1
DA:9,1
DA:10,1
DA:11,1
DA:12,1
DA:13,1
DA:14,1
DA:15,1
DA:16,1
DA:17,1
DA:18,1
DA:19,6
DA:20,6
DA:21,6
DA:22,6
DA:23,6
DA:24,1
DA:25,1
DA:26,6
DA:27,6
DA:28,6
DA:29,6
DA:30,6
DA:31,6
DA:32,6
DA:33,6
DA:34,6
DA:35,1
DA:36,1
DA:37,5
DA:38,5
DA:39,6
DA:40,6
DA:41,6
DA:42,6
DA:43,1
DA:44,1
DA:45,4
DA:46,4
DA:47,4
DA:48,4
DA:49,6
DA:50,1
DA:51,1
DA:52,3
DA:53,6
DA:54,2
DA:55,2
DA:56,2
DA:57,2
DA:58,6
DA:59,6
DA:60,6
DA:61,6
DA:62,6
DA:63,6
DA:64,6
DA:65,1
DA:66,6
DA:67,6
DA:68,6
DA:69,6
DA:70,1
DA:71,1
DA:72,1
LF:72
LH:72
BRDA:72,0,0,1
BRDA:72,1,0,1
BRDA:72,2,0,0
BRDA:72,3,0,0
BRDA:72,4,0,0
BRDA:72,5,0,0
BRDA:72,6,0,1
BRDA:72,7,0,2
BRDA:72,8,0,2
BRDA:72,9,0,6
BRDA:72,10,0,14
BRDA:72,11,0,0
BRDA:72,12,0,6
BRDA:72,13,0,14
BRDA:72,14,0,4
BRDA:72,15,0,16
BRDA:72,16,0,2
BRDA:72,17,0,14
BRDA:72,18,0,6
BRDA:72,19,0,14
BRDA:72,20,0,0
BRDA:72,21,0,18
BRDA:72,22,0,20
BRDA:72,23,0,20
BRDA:72,24,0,0
BRDA:72,25,0,42
BRDA:72,26,0,0
BRDA:72,27,0,0
BRDA:72,28,0,0
BRDA:72,29,0,0
BRDA:72,30,0,20
BRDA:72,31,0,20
BRDA:72,32,0,14
BRDA:72,33,0,0
BRDA:72,34,0,0
BRDA:72,35,0,8
BRDA:72,36,0,0
BRDA:72,37,0,4
BRDA:72,38,0,6
BRDA:72,39,0,2
BRDA:72,40,0,0
BRDA:72,41,0,2
BRDA:72,42,0,0
BRDA:72,43,0,0
BRDA:72,44,0,0
BRDA:72,45,0,22
BRDA:72,46,0,4
BRDA:72,47,0,22
BRDA:72,48,0,6
BRDA:72,49,0,4
BRDA:72,50,0,2
BRDA:72,51,0,0
BRDA:72,52,0,1
BRDA:72,53,0,0
BRDA:17,54,0,1
BRDA:18,55,0,6
BRDA:25,56,0,6
BRDA:72,57,0,6
BRDA:72,58,0,22
BRDA:32,59,0,6
BRDA:72,60,0,6
BRDA:34,61,0,1
BRDA:36,62,0,5
BRDA:72,63,0,5
BRDA:40,64,0,4
BRDA:40,65,0,1
BRDA:42,66,0,1
BRDA:42,67,0,1
BRDA:44,68,0,4
BRDA:49,69,0,3
BRDA:49,70,0,1
BRDA:51,71,0,3
BRDA:53,72,0,2
BRDA:53,73,0,1
BRDA:53,74,0,2
BRDA:72,75,0,2
BRDA:72,76,0,1
BRDA:72,77,0,2
BRDA:64,78,0,1
BRDA:72,79,0,1
BRDA:68,80,0,2
BRF:81
BRH:61
end_of_record
TN:
SF:src\modules\users\services\UpdateUserAvatarService.ts
FN:46,__decorate
FN:46,__metadata
FN:46,__param
FN:46,__awaiter
FN:46,adopt
FN:46,fulfilled
FN:46,rejected
FN:46,step
FN:46,__generator
FN:46,sent
FN:46,g.<computed>
FN:46,verb
FN:46,step
FN:46,__importDefault
FN:15,UpdateUserAvatarService
FN:22,UpdateUserAvatarService.execute
FNF:16
FNH:14
FNDA:1,__decorate
FNDA:1,__metadata
FNDA:2,__param
FNDA:4,__awaiter
FNDA:11,adopt
FNDA:11,fulfilled
FNDA:0,rejected
FNDA:14,step
FNDA:4,__generator
FNDA:11,sent
FNDA:0,g.<computed>
FNDA:12,verb
FNDA:15,step
FNDA:1,__importDefault
FNDA:3,UpdateUserAvatarService
FNDA:4,UpdateUserAvatarService.execute
DA:1,1
DA:2,1
DA:3,1
DA:4,1
DA:5,1
DA:6,1
DA:7,1
DA:8,1
DA:9,1
DA:10,1
DA:11,1
DA:12,1
DA:13,1
DA:14,1
DA:15,1
DA:16,3
DA:17,3
DA:18,3
DA:19,3
DA:20,3
DA:21,1
DA:22,1
DA:23,4
DA:24,4
DA:25,4
DA:26,1
DA:27,1
DA:28,1
DA:29,1
DA:30,1
DA:31,3
DA:32,3
DA:33,1
DA:34,4
DA:35,4
DA:36,4
DA:37,4
DA:38,4
DA:39,4
DA:40,4
DA:41,4
DA:42,4
DA:43,4
DA:44,1
DA:45,1
DA:46,1
LF:46
LH:46
BRDA:46,0,0,1
BRDA:46,1,0,1
BRDA:46,2,0,0
BRDA:46,3,0,0
BRDA:46,4,0,0
BRDA:46,5,0,0
BRDA:46,6,0,1
BRDA:46,7,0,2
BRDA:46,8,0,2
BRDA:46,9,0,4
BRDA:46,10,0,11
BRDA:46,11,0,0
BRDA:46,12,0,4
BRDA:46,13,0,11
BRDA:46,14,0,1
BRDA:46,15,0,14
BRDA:46,16,0,3
BRDA:46,17,0,11
BRDA:46,18,0,4
BRDA:46,19,0,11
BRDA:46,20,0,0
BRDA:46,21,0,12
BRDA:46,22,0,15
BRDA:46,23,0,15
BRDA:46,24,0,0
BRDA:46,25,0,32
BRDA:46,26,0,0
BRDA:46,27,0,0
BRDA:46,28,0,0
BRDA:46,29,0,0
BRDA:46,30,0,15
BRDA:46,31,0,15
BRDA:46,32,0,11
BRDA:46,33,0,0
BRDA:46,34,0,0
BRDA:46,35,0,6
BRDA:46,36,0,0
BRDA:46,37,0,5
BRDA:46,38,0,4
BRDA:46,39,0,2
BRDA:46,40,0,0
BRDA:46,41,0,2
BRDA:46,42,0,0
BRDA:46,43,0,0
BRDA:46,44,0,0
BRDA:46,45,0,17
BRDA:46,46,0,1
BRDA:46,47,0,17
BRDA:46,48,0,4
BRDA:46,49,0,1
BRDA:46,50,0,3
BRDA:46,51,0,0
BRDA:46,52,0,1
BRDA:46,53,0,0
BRDA:14,54,0,1
BRDA:15,55,0,3
BRDA:22,56,0,4
BRDA:46,57,0,4
BRDA:46,58,0,17
BRDA:23,59,0,4
BRDA:46,60,0,4
BRDA:25,61,0,1
BRDA:30,62,0,3
BRDA:32,63,0,2
BRDA:32,64,0,1
BRDA:46,65,0,1
BRDA:36,66,0,3
BRDA:46,67,0,3
BRDA:46,68,0,3
BRF:69
BRH:49
end_of_record
